<?xml version="1.0" encoding="UTF-8"?>
<!-- Generated by org.testng.reporters.JUnitReportReporter -->
<testsuite hostname="LAPTOP-O8GG5075" failures="0" tests="4" name="com.bridgelabz.qa.DB_Testing.DB_Test" time="0.314" errors="0" timestamp="2022-11-16T12:18:04 IST" skipped="0">
  <testcase classname="com.bridgelabz.qa.DB_Testing.DB_Test" name="getTableData" time="0.036"/>
  <system-out/>
  <testcase classname="com.bridgelabz.qa.DB_Testing.DB_Test" name="deleteData" time="0.162"/>
  <system-out/>
  <testcase classname="com.bridgelabz.qa.DB_Testing.DB_Test" name="insertData" time="0.055"/>
  <system-out/>
  <testcase classname="com.bridgelabz.qa.DB_Testing.DB_Test" name="updateData" time="0.061"/>
  <system-out/>
</testsuite> <!-- com.bridgelabz.qa.DB_Testing.DB_Test -->
